<?xml version="1.0" encoding="UTF-8"?>
<testsuite name="org.example.CourseTest" tests="1" skipped="0" failures="0" errors="0" timestamp="2022-10-11T04:55:09" hostname="DESKTOP-7GRK9GB" time="0.066">
  <properties/>
  <testcase name="과목(코스)를 생성한다." classname="org.example.CourseTest" time="0.066"/>
  <system-out><![CDATA[]]></system-out>
  <system-err><![CDATA[]]></system-err>
</testsuite>
